06/09/19 11:11:58.311 10.1.3.0.0 Started
06/09/19 11:12:03.879 Application1-Project1-webapp: 10.1.3.0.0 Started
06/09/19 11:18:57.103 10.1.3.0.0 Started
06/09/19 11:19:04.904 Application1-Project1-webapp: 10.1.3.0.0 Started
06/09/19 11:23:49.443 Application1-Project1-webapp: 10.1.3.0.0 Stopped
06/09/19 11:23:50.74 10.1.3.0.0 Started
06/09/19 11:23:52.558 Application1-Project1-webapp: 10.1.3.0.0 Started
06/09/19 11:24:58.843 Application1-Project1-webapp: 10.1.3.0.0 Stopped
06/09/19 11:24:59.274 10.1.3.0.0 Started
06/09/19 11:25:01.857 Application1-Project1-webapp: 10.1.3.0.0 Started
06/09/19 11:30:38.872 Application1-Project1-webapp: 10.1.3.0.0 Stopped
06/09/19 11:30:39.343 10.1.3.0.0 Started
06/09/19 11:30:44.650 Application1-Project1-webapp: 10.1.3.0.0 Started
06/09/19 11:31:08.104 Application1-Project1-webapp: 10.1.3.0.0 Stopped
06/09/19 11:31:08.655 10.1.3.0.0 Started
06/09/19 11:31:11.118 Application1-Project1-webapp: 10.1.3.0.0 Started
06/09/19 13:54:58.604 Application1-Project1-webapp: 10.1.3.0.0 Stopped
06/09/19 13:55:17.842 10.1.3.0.0 Started
06/09/19 13:55:38.221 Application1-Project1-webapp: 10.1.3.0.0 Started
06/09/19 13:57:10.544 Application1-Project1-webapp: 10.1.3.0.0 Stopped
06/09/19 13:57:12.326 10.1.3.0.0 Started
06/09/19 13:57:18.285 Application1-Project1-webapp: 10.1.3.0.0 Started
06/09/19 14:00:08.730 Application1-Project1-webapp: 10.1.3.0.0 Stopped
06/09/19 14:00:10.22 10.1.3.0.0 Started
06/09/19 14:00:13.948 Application1-Project1-webapp: 10.1.3.0.0 Started
06/09/19 14:03:35.67 Application1-Project1-webapp: 10.1.3.0.0 Stopped
06/09/19 14:03:35.958 10.1.3.0.0 Started
06/09/19 14:03:38.972 Application1-Project1-webapp: 10.1.3.0.0 Started
06/09/19 14:27:46.354 Application1-Project1-webapp: 10.1.3.0.0 Stopped
06/09/19 14:27:52.823 10.1.3.0.0 Started
06/09/19 14:28:06.753 Application1-Project1-webapp: 10.1.3.0.0 Started
06/09/19 14:28:24.548 Application1-Project1-webapp: 10.1.3.0.0 Stopped
06/09/19 14:28:26.371 10.1.3.0.0 Started
06/09/19 14:28:31.699 Application1-Project1-webapp: 10.1.3.0.0 Started
06/09/19 14:32:11.94 Application1-Project1-webapp: 10.1.3.0.0 Stopped
06/09/19 14:32:12.666 10.1.3.0.0 Started
06/09/19 14:32:18.675 Application1-Project1-webapp: 10.1.3.0.0 Started
06/09/19 14:33:23.578 Application1-Project1-webapp: 10.1.3.0.0 Stopped
06/09/19 14:33:24.269 10.1.3.0.0 Started
06/09/19 14:33:27.334 Application1-Project1-webapp: 10.1.3.0.0 Started
06/09/19 14:34:19.208 Application1-Project1-webapp: 10.1.3.0.0 Stopped
06/09/19 14:34:19.879 10.1.3.0.0 Started
06/09/19 14:34:23.515 Application1-Project1-webapp: 10.1.3.0.0 Started
06/09/19 14:36:44.818 Application1-Project1-webapp: 10.1.3.0.0 Stopped
06/09/19 14:36:45.309 10.1.3.0.0 Started
06/09/19 14:36:48.293 Application1-Project1-webapp: 10.1.3.0.0 Started
06/09/19 14:45:32.497 Application1-Project1-webapp: 10.1.3.0.0 Stopped
06/09/19 14:45:39.467 10.1.3.0.0 Started
06/09/19 14:45:58.604 Application1-Project1-webapp: 10.1.3.0.0 Started
06/09/19 14:48:37.603 Application1-Project1-webapp: 10.1.3.0.0 Stopped
06/09/19 14:48:39.746 10.1.3.0.0 Started
06/09/19 14:48:48.358 Application1-Project1-webapp: 10.1.3.0.0 Started
06/09/19 14:54:57.179 Application1-Project1-webapp: 10.1.3.0.0 Stopped
06/09/19 14:54:59.131 10.1.3.0.0 Started
06/09/19 14:55:09.366 Application1-Project1-webapp: 10.1.3.0.0 Started
06/09/19 14:56:25.325 Application1-Project1-webapp: 10.1.3.0.0 Stopped
06/09/19 14:56:27.58 10.1.3.0.0 Started
06/09/19 14:56:33.147 Application1-Project1-webapp: 10.1.3.0.0 Started
06/09/19 15:00:23.277 Application1-Project1-webapp: 10.1.3.0.0 Stopped
06/09/19 15:00:25.551 10.1.3.0.0 Started
06/09/19 15:00:30.97 Application1-Project1-webapp: 10.1.3.0.0 Started
06/09/19 15:00:49.956 Application1-Project1-webapp: Servlet error
java.lang.NullPointerException
	at ex6.doPost(ex6.java:68)
	at javax.servlet.http.HttpServlet.service(HttpServlet.java:763)
	at javax.servlet.http.HttpServlet.service(HttpServlet.java:856)
	at com.evermind[Oracle Containers for J2EE 10g (10.1.3.0.0) ].server.http.ServletRequestDispatcher.invoke(ServletRequestDispatcher.java:719)
	at com.evermind[Oracle Containers for J2EE 10g (10.1.3.0.0) ].server.http.ServletRequestDispatcher.forwardInternal(ServletRequestDispatcher.java:376)
	at com.evermind[Oracle Containers for J2EE 10g (10.1.3.0.0) ].server.http.HttpRequestHandler.doProcessRequest(HttpRequestHandler.java:870)
	at com.evermind[Oracle Containers for J2EE 10g (10.1.3.0.0) ].server.http.HttpRequestHandler.processRequest(HttpRequestHandler.java:451)
	at com.evermind[Oracle Containers for J2EE 10g (10.1.3.0.0) ].server.http.HttpRequestHandler.serveOneRequest(HttpRequestHandler.java:218)
	at com.evermind[Oracle Containers for J2EE 10g (10.1.3.0.0) ].server.http.HttpRequestHandler.run(HttpRequestHandler.java:119)
	at com.evermind[Oracle Containers for J2EE 10g (10.1.3.0.0) ].server.http.HttpRequestHandler.run(HttpRequestHandler.java:112)
	at oracle.oc4j.network.ServerSocketReadHandler$SafeRunnable.run(ServerSocketReadHandler.java:260)
	at oracle.oc4j.network.ServerSocketAcceptHandler.procClientSocket(ServerSocketAcceptHandler.java:230)
	at oracle.oc4j.network.ServerSocketAcceptHandler.access$800(ServerSocketAcceptHandler.java:33)
	at oracle.oc4j.network.ServerSocketAcceptHandler$AcceptHandlerHorse.run(ServerSocketAcceptHandler.java:831)
	at com.evermind[Oracle Containers for J2EE 10g (10.1.3.0.0) ].util.ReleasableResourcePooledExecutor$MyWorker.run(ReleasableResourcePooledExecutor.java:303)
	at java.lang.Thread.run(Thread.java:595)
06/09/19 15:02:46.446 Application1-Project1-webapp: Servlet error
java.lang.NullPointerException
	at ex6.doPost(ex6.java:68)
	at javax.servlet.http.HttpServlet.service(HttpServlet.java:763)
	at javax.servlet.http.HttpServlet.service(HttpServlet.java:856)
	at com.evermind[Oracle Containers for J2EE 10g (10.1.3.0.0) ].server.http.ServletRequestDispatcher.invoke(ServletRequestDispatcher.java:719)
	at com.evermind[Oracle Containers for J2EE 10g (10.1.3.0.0) ].server.http.ServletRequestDispatcher.forwardInternal(ServletRequestDispatcher.java:376)
	at com.evermind[Oracle Containers for J2EE 10g (10.1.3.0.0) ].server.http.HttpRequestHandler.doProcessRequest(HttpRequestHandler.java:870)
	at com.evermind[Oracle Containers for J2EE 10g (10.1.3.0.0) ].server.http.HttpRequestHandler.processRequest(HttpRequestHandler.java:451)
	at com.evermind[Oracle Containers for J2EE 10g (10.1.3.0.0) ].server.http.HttpRequestHandler.serveOneRequest(HttpRequestHandler.java:218)
	at com.evermind[Oracle Containers for J2EE 10g (10.1.3.0.0) ].server.http.HttpRequestHandler.run(HttpRequestHandler.java:119)
	at com.evermind[Oracle Containers for J2EE 10g (10.1.3.0.0) ].server.http.HttpRequestHandler.run(HttpRequestHandler.java:112)
	at oracle.oc4j.network.ServerSocketReadHandler$SafeRunnable.run(ServerSocketReadHandler.java:260)
	at oracle.oc4j.network.ServerSocketAcceptHandler.procClientSocket(ServerSocketAcceptHandler.java:230)
	at oracle.oc4j.network.ServerSocketAcceptHandler.access$800(ServerSocketAcceptHandler.java:33)
	at oracle.oc4j.network.ServerSocketAcceptHandler$AcceptHandlerHorse.run(ServerSocketAcceptHandler.java:831)
	at com.evermind[Oracle Containers for J2EE 10g (10.1.3.0.0) ].util.ReleasableResourcePooledExecutor$MyWorker.run(ReleasableResourcePooledExecutor.java:303)
	at java.lang.Thread.run(Thread.java:595)
06/09/19 16:00:08.866 Application1-Project1-webapp: 10.1.3.0.0 Stopped
06/09/19 16:00:42.414 10.1.3.0.0 Started
06/09/19 16:01:10.344 Application1-Project1-webapp: 10.1.3.0.0 Started
06/09/19 16:39:40.466 Application1-Project1-webapp: 10.1.3.0.0 Stopped
06/09/19 16:39:52.694 10.1.3.0.0 Started
06/09/19 16:40:20.614 Application1-Project1-webapp: 10.1.3.0.0 Started
06/09/19 22:24:54.782 Application1-Project1-webapp: 10.1.3.0.0 Stopped
06/09/19 22:25:10.454 10.1.3.0.0 Started
06/09/19 22:25:39.286 Application1-Project1-webapp: 10.1.3.0.0 Started
06/09/19 22:41:15.512 Application1-Project1-webapp: 10.1.3.0.0 Stopped
06/09/19 22:41:24.64 10.1.3.0.0 Started
06/09/19 22:41:37.844 Application1-Project1-webapp: 10.1.3.0.0 Started
09/12/17 06:38:17.751 10.1.3.3.0 Started
09/12/17 06:38:22.555 Application1-Project1-webapp: 10.1.3.3.0 Started
09/12/17 06:38:52.543 Application1-Project1-webapp: 10.1.3.3.0 Stopped
09/12/17 06:38:53.135 10.1.3.3.0 Started
09/12/17 06:38:55.990 Application1-Project1-webapp: 10.1.3.3.0 Started
09/12/17 06:39:25.587 Application1-Project1-webapp: 10.1.3.3.0 Stopped
09/12/17 06:39:25.993 10.1.3.3.0 Started
09/12/17 06:39:28.957 Application1-Project1-webapp: 10.1.3.3.0 Started
09/12/17 06:39:58.856 Application1-Project1-webapp: 10.1.3.3.0 Stopped
09/12/17 06:39:59.199 10.1.3.3.0 Started
09/12/17 06:40:02.147 Application1-Project1-webapp: 10.1.3.3.0 Started
09/12/17 06:40:26.534 Application1-Project1-webapp: 10.1.3.3.0 Stopped
09/12/17 06:40:27.80 10.1.3.3.0 Started
09/12/17 06:40:30.13 Application1-Project1-webapp: 10.1.3.3.0 Started
09/12/17 06:40:59.803 Application1-Project1-webapp: 10.1.3.3.0 Stopped
09/12/17 06:41:00.193 10.1.3.3.0 Started
09/12/17 06:41:03.219 Application1-Project1-webapp: 10.1.3.3.0 Started
09/12/17 06:41:37.911 Application1-Project1-webapp: 10.1.3.3.0 Stopped
09/12/17 06:41:38.285 10.1.3.3.0 Started
09/12/17 06:41:41.203 Application1-Project1-webapp: 10.1.3.3.0 Started
09/12/17 06:42:01.55 Application1-Project1-webapp: 10.1.3.3.0 Stopped
09/12/17 06:42:01.430 10.1.3.3.0 Started
09/12/17 06:42:04.144 Application1-Project1-webapp: 10.1.3.3.0 Started
09/12/17 06:43:14.770 Application1-Project1-webapp: 10.1.3.3.0 Stopped
09/12/17 06:43:15.144 10.1.3.3.0 Started
09/12/17 06:43:18.249 Application1-Project1-webapp: 10.1.3.3.0 Started
10/01/04 16:18:38.257 10.1.3.3.0 Started
10/01/04 16:18:41.986 Application1-Project1-webapp: 10.1.3.3.0 Started
10/01/04 16:55:38.952 10.1.3.3.0 Started
10/01/04 16:55:42.540 Application1-Project1-webapp: 10.1.3.3.0 Started
10/01/04 17:16:38.853 10.1.3.3.0 Started
10/01/04 17:16:42.410 Application1-Project1-webapp: 10.1.3.3.0 Started
